<?xml version="1.0" encoding="UTF-8"?>
<!-- Generated by org.testng.reporters.JUnitReportReporter -->
<testsuite skipped="0" hostname="GopinathKumsi" name="com.collections.Testn" tests="3" failures="0" timestamp="2020-05-01T19:34:06 IST" time="0.076" errors="0">
  <testcase name="a" time="0.068" classname="com.collections.Testn"/>
  <testcase name="c" time="0.005" classname="com.collections.Testn"/>
  <testcase name="b" time="0.003" classname="com.collections.Testn"/>
</testsuite> <!-- com.collections.Testn -->
