<?xml version="1.0" encoding="UTF-8"?>
<!-- Generated by org.testng.reporters.JUnitReportReporter -->
<testsuite skipped="0" hostname="GopinathKumsi" name="org.one.Practise" tests="2" failures="0" timestamp="2020-05-05T14:11:47 IST" time="0.019" errors="0">
  <testcase name="test3" time="0.015" classname="org.one.Practise"/>
  <testcase name="test4" time="0.004" classname="org.one.Practise"/>
</testsuite> <!-- org.one.Practise -->
