<?xml version="1.0" encoding="UTF-8"?>
<!-- Generated by org.testng.reporters.JUnitReportReporter -->
<testsuite skipped="0" hostname="GopinathKumsi" name="org.one.MyTestNG" tests="4" failures="0" timestamp="2020-05-09T13:41:33 IST" time="0.044" errors="0">
  <testcase name="getTestMethodOne" time="0.018" classname="org.one.MyTestNG"/>
  <testcase name="getTestMethodTwo" time="0.008" classname="org.one.MyTestNG"/>
  <testcase name="getTestMethodThree" time="0.012" classname="org.one.MyTestNG"/>
  <testcase name="getTestMethodFour" time="0.006" classname="org.one.MyTestNG"/>
</testsuite> <!-- org.one.MyTestNG -->
