<?xml version="1.0" encoding="UTF-8"?>
<!-- Generated by org.testng.reporters.JUnitReportReporter -->
<testsuite skipped="0" hostname="GopinathKumsi" name="com.excel.LoginTest" tests="1" failures="0" timestamp="2020-01-29T12:09:57 IST" time="17.787" errors="0">
  <testcase name="getLogin" time="17.787" classname="com.excel.LoginTest"/>
</testsuite> <!-- com.excel.LoginTest -->
