<?xml version="1.0" encoding="UTF-8"?>
<!-- Generated by org.testng.reporters.JUnitReportReporter -->
<testsuite skipped="0" hostname="GopinathKumsi" name="org.one.Practise" tests="2" failures="0" timestamp="2020-05-07T12:27:30 IST" time="0.057" errors="0">
  <testcase name="test4" time="0.017" classname="org.one.Practise"/>
  <testcase name="test3" time="0.040" classname="org.one.Practise"/>
</testsuite> <!-- org.one.Practise -->
