<?xml version="1.0" encoding="UTF-8"?>
<!-- Generated by org.testng.reporters.JUnitReportReporter -->
<testsuite skipped="0" hostname="GopinathKumsi" name="com.excel.Excample1" tests="1" failures="0" timestamp="2020-02-02T17:00:07 IST" time="0.037" errors="0">
  <testcase name="getNumber" time="0.037" classname="com.excel.Excample1"/>
</testsuite> <!-- com.excel.Excample1 -->
