<?xml version="1.0" encoding="UTF-8"?>
<!-- Generated by org.testng.reporters.JUnitReportReporter -->
<testsuite skipped="0" hostname="GopinathKumsi" name="org.today.PRG3" tests="2" failures="0" timestamp="2020-03-28T13:41:29 IST" time="0.032" errors="0">
  <testcase name="one" time="0.002" classname="org.today.PRG3"/>
  <testcase name="Two" time="0.030" classname="org.today.PRG3"/>
</testsuite> <!-- org.today.PRG3 -->
