<?xml version="1.0" encoding="UTF-8"?>
<!-- Generated by org.testng.reporters.JUnitReportReporter -->
<testsuite skipped="0" hostname="GopinathKumsi" name="org.one.Testting" tests="2" failures="0" timestamp="2020-04-29T14:29:07 IST" time="0.018" errors="0">
  <testcase name="test1" time="0.015" classname="org.one.Testting"/>
  <testcase name="test2" time="0.003" classname="org.one.Testting"/>
</testsuite> <!-- org.one.Testting -->
