<?xml version="1.0" encoding="UTF-8"?>
<!-- Generated by org.testng.reporters.JUnitReportReporter -->
<testsuite skipped="0" hostname="GopinathKumsi" name="org.one.Practise" tests="3" failures="0" timestamp="2020-05-07T12:59:35 IST" time="0.049" errors="0">
  <testcase name="test4" time="0.005" classname="org.one.Practise"/>
  <testcase name="test6" time="0.021" classname="org.one.Practise"/>
  <testcase name="test3" time="0.023" classname="org.one.Practise"/>
</testsuite> <!-- org.one.Practise -->
