<?xml version="1.0" encoding="UTF-8"?>
<!-- Generated by org.testng.reporters.JUnitReportReporter -->
<testsuite skipped="0" hostname="GopinathKumsi" name="com.excel.Excample2" tests="1" failures="0" timestamp="2020-02-02T17:11:11 IST" time="0.023" errors="0">
  <testcase name="some" time="0.023" classname="com.excel.Excample2"/>
</testsuite> <!-- com.excel.Excample2 -->
