<?xml version="1.0" encoding="UTF-8"?>
<!-- Generated by org.testng.reporters.JUnitReportReporter -->
<testsuite skipped="0" hostname="GopinathKumsi" name="org.data.TestDatings" tests="2" failures="0" timestamp="2020-02-24T15:11:04 IST" time="0.022" errors="0">
  <testcase name="putData" time="0.017" classname="org.data.TestDatings"/>
  <testcase name="putData" time="0.005" classname="org.data.TestDatings"/>
</testsuite> <!-- org.data.TestDatings -->
